Using pre-set license
Built from '2021.1/staging' branch; Version is '2021.1.6f1 (c0fade0cc7e9) revision 12647134'; Using compiler version '192528614'; Build Type 'Release'
OS: 'Windows 10 Home Single Language; OS build 22000.675; Version 2009; 64bit' Language: 'en' Physical Memory: 7886 MB
BatchMode: 1, IsHumanControllingUs: 0, StartBugReporterOnCrash: 0, Is64bit: 1, IsPro: 0

 COMMAND LINE ARGUMENTS:
C:\Program Files\Unity 2021.1.6f1\Editor\Unity.exe
-adb2
-batchMode
-noUpm
-name
AssetImportWorker0
-projectPath
D:/Projects Drive Data/UNITY PROJECTS/BrickBreaker
-logFile
Logs/AssetImportWorker0.log
-srvPort
53157
Successfully changed project path to: D:/Projects Drive Data/UNITY PROJECTS/BrickBreaker
D:/Projects Drive Data/UNITY PROJECTS/BrickBreaker
Using Asset Import Pipeline V2.
Refreshing native plugins compatible for Editor in 41.17 ms, found 0 plugins.
Preloading 0 native plugins for Editor in 0.00 ms.
Initialize engine version: 2021.1.6f1 (c0fade0cc7e9)
[Subsystems] Discovering subsystems at path C:/Program Files/Unity 2021.1.6f1/Editor/Data/Resources/UnitySubsystems
[Subsystems] Discovering subsystems at path D:/Projects Drive Data/UNITY PROJECTS/BrickBreaker/Assets
GfxDevice: creating device client; threaded=0; jobified=0
Direct3D:
    Version:  Direct3D 11.0 [level 11.1]
    Renderer: Intel(R) Iris(R) Xe Graphics (ID=0x9a49)
    Vendor:   Intel
    VRAM:     3943 MB
    Driver:   27.20.100.9268
Initialize mono
Mono path[0] = 'C:/Program Files/Unity 2021.1.6f1/Editor/Data/Managed'
Mono path[1] = 'C:/Program Files/Unity 2021.1.6f1/Editor/Data/MonoBleedingEdge/lib/mono/unityjit'
Mono config path = 'C:/Program Files/Unity 2021.1.6f1/Editor/Data/MonoBleedingEdge/etc'
Using monoOptions --debugger-agent=transport=dt_socket,embedding=1,server=y,suspend=n,address=127.0.0.1:56132
Begin MonoManager ReloadAssembly
Registering precompiled unity dll's ...
Register platform support module: C:/Program Files/Unity 2021.1.6f1/Editor/Data/PlaybackEngines/WindowsStandaloneSupport/UnityEditor.WindowsStandalone.Extensions.dll
Registered in 0.006875 seconds.
Native extension for WindowsStandalone target not found
Refreshing native plugins compatible for Editor in 53.26 ms, found 0 plugins.
Preloading 0 native plugins for Editor in 0.00 ms.
Mono: successfully reloaded assembly
- Completed reload, in  1.707 seconds
Platform modules already initialized, skipping
Registering precompiled user dll's ...
Registered in 0.001166 seconds.
Begin MonoManager ReloadAssembly
Native extension for WindowsStandalone target not found
Refreshing native plugins compatible for Editor in 0.69 ms, found 0 plugins.
Preloading 0 native plugins for Editor in 0.00 ms.
Mono: successfully reloaded assembly
- Completed reload, in  1.649 seconds
Platform modules already initialized, skipping
========================================================================
Worker process is ready to serve import requests
Launched and connected shader compiler UnityShaderCompiler.exe after 0.10 seconds
Refreshing native plugins compatible for Editor in 0.37 ms, found 0 plugins.
Preloading 0 native plugins for Editor in 0.00 ms.
Unloading 1356 Unused Serialized files (Serialized files now loaded: 0)
System memory in use before: 69.9 MB.
System memory in use after: 70.0 MB.

Unloading 11 unused Assets to reduce memory usage. Loaded Objects now: 1821.
Total: 2.862700 ms (FindLiveObjects: 0.210000 ms CreateObjectMapping: 0.053900 ms MarkObjects: 2.479700 ms  DeleteObjects: 0.117700 ms)

========================================================================
Received Import Request.
  path: Assets/Brick Breaker Scripts
  artifactKey: Guid(59d4586951ae80747ad2cdaa6b979606) Importer(815301076,1909f56bfc062723c751e8b465ee728b)
Start importing Assets/Brick Breaker Scripts using Guid(59d4586951ae80747ad2cdaa6b979606) Importer(815301076,1909f56bfc062723c751e8b465ee728b)  -> (artifact id: '715e848659a20ff5b924342e1e93ff25') in 0.011867 seconds 
========================================================================
Received Import Request.
  Time since last request: 90.456266 seconds.
  path: Assets/Scenes/BrickBreakerLevels/Feature Graphics.png
  artifactKey: Guid(8e4a29f441b0fce46b9e80ab9ef039f5) Importer(815301076,1909f56bfc062723c751e8b465ee728b)
Start importing Assets/Scenes/BrickBreakerLevels/Feature Graphics.png using Guid(8e4a29f441b0fce46b9e80ab9ef039f5) Importer(815301076,1909f56bfc062723c751e8b465ee728b)  -> (artifact id: '3b842af3e7780dda371f5866b723ec53') in 67.924218 seconds 
========================================================================
Received Import Request.
  Time since last request: 0.001062 seconds.
  path: Assets/Scenes/BrickBreakerLevels/TITLE TXT.png
  artifactKey: Guid(11a4c87433e635c42ad3756736a33532) Importer(815301076,1909f56bfc062723c751e8b465ee728b)
Start importing Assets/Scenes/BrickBreakerLevels/TITLE TXT.png using Guid(11a4c87433e635c42ad3756736a33532) Importer(815301076,1909f56bfc062723c751e8b465ee728b)  -> (artifact id: 'c71d04eea1167dacb569ebd2bf6034d7') in 0.146705 seconds 
========================================================================
Received Prepare
Registering precompiled user dll's ...
Registered in 0.002110 seconds.
Begin MonoManager ReloadAssembly
Native extension for WindowsStandalone target not found
Refreshing native plugins compatible for Editor in 0.45 ms, found 0 plugins.
Preloading 0 native plugins for Editor in 0.00 ms.
Mono: successfully reloaded assembly
- Completed reload, in  1.615 seconds
Platform modules already initialized, skipping
Switching build target platform(19) subTarget(0) extendedPlatform(0) -> platform(13) subTarget(537395200) extendedPlatform(0)
Refreshing native plugins compatible for Editor in 0.61 ms, found 0 plugins.
Preloading 0 native plugins for Editor in 0.00 ms.
Unloading 1341 Unused Serialized files (Serialized files now loaded: 0)
System memory in use before: 73.9 MB.
System memory in use after: 73.9 MB.

Unloading 6 unused Assets to reduce memory usage. Loaded Objects now: 1862.
Total: 3.390100 ms (FindLiveObjects: 0.168000 ms CreateObjectMapping: 0.060200 ms MarkObjects: 3.032400 ms  DeleteObjects: 0.126700 ms)

AssetImportParameters requested are different than current active one (requested -> active):
  custom:graphics/normal-map-encoding: 01000000000000000000000000000000 -> 02000000000000000000000000000000
========================================================================
Received Prepare
Registering precompiled user dll's ...
Registered in 0.000962 seconds.
Begin MonoManager ReloadAssembly
Native extension for WindowsStandalone target not found
Refreshing native plugins compatible for Editor in 0.41 ms, found 0 plugins.
Preloading 0 native plugins for Editor in 0.00 ms.
Mono: successfully reloaded assembly
- Completed reload, in  0.917 seconds
Platform modules already initialized, skipping
Refreshing native plugins compatible for Editor in 0.36 ms, found 0 plugins.
Preloading 0 native plugins for Editor in 0.00 ms.
Unloading 1335 Unused Serialized files (Serialized files now loaded: 0)
System memory in use before: 73.9 MB.
System memory in use after: 73.9 MB.

Unloading 6 unused Assets to reduce memory usage. Loaded Objects now: 1865.
Total: 3.401600 ms (FindLiveObjects: 0.231700 ms CreateObjectMapping: 0.078500 ms MarkObjects: 3.021600 ms  DeleteObjects: 0.067900 ms)

========================================================================
Received Prepare
Refreshing native plugins compatible for Editor in 0.86 ms, found 0 plugins.
Preloading 0 native plugins for Editor in 0.00 ms.
Unloading 4 Unused Serialized files (Serialized files now loaded: 0)
System memory in use before: 47.3 MB.
System memory in use after: 47.4 MB.

Unloading 4 unused Assets to reduce memory usage. Loaded Objects now: 1865.
Total: 2.401000 ms (FindLiveObjects: 0.209300 ms CreateObjectMapping: 0.037300 ms MarkObjects: 2.079800 ms  DeleteObjects: 0.073200 ms)

========================================================================
Received Prepare
Refreshing native plugins compatible for Editor in 0.96 ms, found 0 plugins.
Preloading 0 native plugins for Editor in 0.00 ms.
Unloading 4 Unused Serialized files (Serialized files now loaded: 0)
System memory in use before: 47.3 MB.
System memory in use after: 47.4 MB.

Unloading 4 unused Assets to reduce memory usage. Loaded Objects now: 1865.
Total: 3.067800 ms (FindLiveObjects: 0.182400 ms CreateObjectMapping: 0.054100 ms MarkObjects: 2.754000 ms  DeleteObjects: 0.076100 ms)

========================================================================
Received Prepare
Refreshing native plugins compatible for Editor in 2.29 ms, found 0 plugins.
Preloading 0 native plugins for Editor in 0.00 ms.
Unloading 4 Unused Serialized files (Serialized files now loaded: 0)
System memory in use before: 47.3 MB.
System memory in use after: 47.4 MB.

Unloading 4 unused Assets to reduce memory usage. Loaded Objects now: 1865.
Total: 9.891000 ms (FindLiveObjects: 0.422800 ms CreateObjectMapping: 0.133900 ms MarkObjects: 9.123000 ms  DeleteObjects: 0.206900 ms)

========================================================================
Received Import Request.
  Time since last request: 1295.774224 seconds.
  path: Assets/Tree_Textures
  artifactKey: Guid(b071e7e29e5dff346af3a512bb3afafc) Importer(815301076,1909f56bfc062723c751e8b465ee728b)
Start importing Assets/Tree_Textures using Guid(b071e7e29e5dff346af3a512bb3afafc) Importer(815301076,1909f56bfc062723c751e8b465ee728b)  -> (artifact id: 'ff178e96a3f6c3426e905a3046dc9227') in 0.025193 seconds 
========================================================================
Received Prepare
Registering precompiled user dll's ...
Registered in 0.002457 seconds.
Begin MonoManager ReloadAssembly
Native extension for WindowsStandalone target not found
Refreshing native plugins compatible for Editor in 0.80 ms, found 0 plugins.
Preloading 0 native plugins for Editor in 0.00 ms.
Mono: successfully reloaded assembly
- Completed reload, in  2.381 seconds
Platform modules already initialized, skipping
Refreshing native plugins compatible for Editor in 0.66 ms, found 0 plugins.
Preloading 0 native plugins for Editor in 0.00 ms.
Unloading 1335 Unused Serialized files (Serialized files now loaded: 0)
System memory in use before: 74.2 MB.
System memory in use after: 74.2 MB.

Unloading 6 unused Assets to reduce memory usage. Loaded Objects now: 1868.
Total: 3.875200 ms (FindLiveObjects: 0.127800 ms CreateObjectMapping: 0.047000 ms MarkObjects: 3.638400 ms  DeleteObjects: 0.061100 ms)

========================================================================
Received Prepare
Registering precompiled user dll's ...
Registered in 0.001934 seconds.
Begin MonoManager ReloadAssembly
Native extension for WindowsStandalone target not found
Refreshing native plugins compatible for Editor in 0.83 ms, found 0 plugins.
Preloading 0 native plugins for Editor in 0.00 ms.
Mono: successfully reloaded assembly
- Completed reload, in  2.407 seconds
Platform modules already initialized, skipping
Refreshing native plugins compatible for Editor in 0.70 ms, found 0 plugins.
Preloading 0 native plugins for Editor in 0.00 ms.
Unloading 1335 Unused Serialized files (Serialized files now loaded: 0)
System memory in use before: 74.2 MB.
System memory in use after: 74.3 MB.

Unloading 6 unused Assets to reduce memory usage. Loaded Objects now: 1871.
Total: 4.886500 ms (FindLiveObjects: 0.358300 ms CreateObjectMapping: 0.127300 ms MarkObjects: 4.182600 ms  DeleteObjects: 0.215900 ms)

========================================================================
Received Prepare
Registering precompiled user dll's ...
Registered in 0.002000 seconds.
Begin MonoManager ReloadAssembly
Native extension for WindowsStandalone target not found
Refreshing native plugins compatible for Editor in 1.26 ms, found 0 plugins.
Preloading 0 native plugins for Editor in 0.00 ms.
Mono: successfully reloaded assembly
- Completed reload, in  2.648 seconds
Platform modules already initialized, skipping
Refreshing native plugins compatible for Editor in 0.70 ms, found 0 plugins.
Preloading 0 native plugins for Editor in 0.00 ms.
Unloading 1335 Unused Serialized files (Serialized files now loaded: 0)
System memory in use before: 74.2 MB.
System memory in use after: 74.3 MB.

Unloading 6 unused Assets to reduce memory usage. Loaded Objects now: 1874.
Total: 5.861700 ms (FindLiveObjects: 0.294000 ms CreateObjectMapping: 0.101900 ms MarkObjects: 5.245200 ms  DeleteObjects: 0.217400 ms)

========================================================================
Received Prepare
Registering precompiled user dll's ...
Registered in 0.001854 seconds.
Begin MonoManager ReloadAssembly
Native extension for WindowsStandalone target not found
Refreshing native plugins compatible for Editor in 0.60 ms, found 0 plugins.
Preloading 0 native plugins for Editor in 0.00 ms.
Mono: successfully reloaded assembly
- Completed reload, in  0.833 seconds
Platform modules already initialized, skipping
Refreshing native plugins compatible for Editor in 0.31 ms, found 0 plugins.
Preloading 0 native plugins for Editor in 0.00 ms.
Unloading 1335 Unused Serialized files (Serialized files now loaded: 0)
System memory in use before: 74.2 MB.
System memory in use after: 74.3 MB.

Unloading 6 unused Assets to reduce memory usage. Loaded Objects now: 1877.
Total: 2.231300 ms (FindLiveObjects: 0.160100 ms CreateObjectMapping: 0.046800 ms MarkObjects: 1.958700 ms  DeleteObjects: 0.064400 ms)

========================================================================
Received Prepare
Registering precompiled user dll's ...
Registered in 0.001287 seconds.
Begin MonoManager ReloadAssembly
Native extension for WindowsStandalone target not found
Refreshing native plugins compatible for Editor in 0.41 ms, found 0 plugins.
Preloading 0 native plugins for Editor in 0.00 ms.
Mono: successfully reloaded assembly
- Completed reload, in  1.058 seconds
Platform modules already initialized, skipping
Refreshing native plugins compatible for Editor in 0.47 ms, found 0 plugins.
Preloading 0 native plugins for Editor in 0.00 ms.
Unloading 1335 Unused Serialized files (Serialized files now loaded: 0)
System memory in use before: 74.2 MB.
System memory in use after: 74.3 MB.

Unloading 6 unused Assets to reduce memory usage. Loaded Objects now: 1880.
Total: 3.713600 ms (FindLiveObjects: 0.221900 ms CreateObjectMapping: 0.108900 ms MarkObjects: 3.273000 ms  DeleteObjects: 0.108300 ms)

========================================================================
Received Prepare
Registering precompiled user dll's ...
Registered in 0.002532 seconds.
Begin MonoManager ReloadAssembly
Native extension for WindowsStandalone target not found
Refreshing native plugins compatible for Editor in 0.90 ms, found 0 plugins.
Preloading 0 native plugins for Editor in 0.00 ms.
Mono: successfully reloaded assembly
- Completed reload, in  2.751 seconds
Platform modules already initialized, skipping
Refreshing native plugins compatible for Editor in 0.54 ms, found 0 plugins.
Preloading 0 native plugins for Editor in 0.00 ms.
Unloading 1335 Unused Serialized files (Serialized files now loaded: 0)
System memory in use before: 74.2 MB.
System memory in use after: 74.3 MB.

Unloading 6 unused Assets to reduce memory usage. Loaded Objects now: 1883.
Total: 2.465100 ms (FindLiveObjects: 0.162000 ms CreateObjectMapping: 0.036200 ms MarkObjects: 2.171500 ms  DeleteObjects: 0.093600 ms)

========================================================================
Received Prepare
Registering precompiled user dll's ...
Registered in 0.001895 seconds.
Begin MonoManager ReloadAssembly
Native extension for WindowsStandalone target not found
Refreshing native plugins compatible for Editor in 0.66 ms, found 0 plugins.
Preloading 0 native plugins for Editor in 0.00 ms.
Mono: successfully reloaded assembly
- Completed reload, in  2.413 seconds
Platform modules already initialized, skipping
Refreshing native plugins compatible for Editor in 0.81 ms, found 0 plugins.
Preloading 0 native plugins for Editor in 0.00 ms.
Unloading 1335 Unused Serialized files (Serialized files now loaded: 0)
System memory in use before: 74.2 MB.
System memory in use after: 74.3 MB.

Unloading 6 unused Assets to reduce memory usage. Loaded Objects now: 1886.
Total: 4.572100 ms (FindLiveObjects: 0.347900 ms CreateObjectMapping: 0.207100 ms MarkObjects: 3.834000 ms  DeleteObjects: 0.180400 ms)

========================================================================
Received Prepare
Registering precompiled user dll's ...
Registered in 0.001623 seconds.
Begin MonoManager ReloadAssembly
Native extension for WindowsStandalone target not found
Refreshing native plugins compatible for Editor in 0.36 ms, found 0 plugins.
Preloading 0 native plugins for Editor in 0.00 ms.
Mono: successfully reloaded assembly
- Completed reload, in  0.995 seconds
Platform modules already initialized, skipping
Refreshing native plugins compatible for Editor in 0.31 ms, found 0 plugins.
Preloading 0 native plugins for Editor in 0.00 ms.
Unloading 1335 Unused Serialized files (Serialized files now loaded: 0)
System memory in use before: 74.2 MB.
System memory in use after: 74.3 MB.

Unloading 6 unused Assets to reduce memory usage. Loaded Objects now: 1889.
Total: 2.426300 ms (FindLiveObjects: 0.136500 ms CreateObjectMapping: 0.037500 ms MarkObjects: 2.179700 ms  DeleteObjects: 0.071600 ms)

========================================================================
Received Prepare
Registering precompiled user dll's ...
Registered in 0.001841 seconds.
Begin MonoManager ReloadAssembly
Native extension for WindowsStandalone target not found
Refreshing native plugins compatible for Editor in 0.44 ms, found 0 plugins.
Preloading 0 native plugins for Editor in 0.00 ms.
Mono: successfully reloaded assembly
- Completed reload, in  1.328 seconds
Platform modules already initialized, skipping
Refreshing native plugins compatible for Editor in 0.34 ms, found 0 plugins.
Preloading 0 native plugins for Editor in 0.00 ms.
Unloading 1335 Unused Serialized files (Serialized files now loaded: 0)
System memory in use before: 74.2 MB.
System memory in use after: 74.3 MB.

Unloading 6 unused Assets to reduce memory usage. Loaded Objects now: 1892.
Total: 2.240300 ms (FindLiveObjects: 0.126400 ms CreateObjectMapping: 0.040300 ms MarkObjects: 1.999800 ms  DeleteObjects: 0.072500 ms)

========================================================================
Received Prepare
Registering precompiled user dll's ...
Registered in 0.004990 seconds.
Begin MonoManager ReloadAssembly
Native extension for WindowsStandalone target not found
Refreshing native plugins compatible for Editor in 1.57 ms, found 0 plugins.
Preloading 0 native plugins for Editor in 0.00 ms.
Mono: successfully reloaded assembly
- Completed reload, in  2.845 seconds
Platform modules already initialized, skipping
Refreshing native plugins compatible for Editor in 0.34 ms, found 0 plugins.
Preloading 0 native plugins for Editor in 0.00 ms.
Unloading 1335 Unused Serialized files (Serialized files now loaded: 0)
System memory in use before: 74.3 MB.
System memory in use after: 74.3 MB.

Unloading 6 unused Assets to reduce memory usage. Loaded Objects now: 1895.
Total: 4.234800 ms (FindLiveObjects: 0.649400 ms CreateObjectMapping: 0.113600 ms MarkObjects: 3.091400 ms  DeleteObjects: 0.378400 ms)

========================================================================
Received Prepare
Registering precompiled user dll's ...
Registered in 0.001808 seconds.
Begin MonoManager ReloadAssembly
Native extension for WindowsStandalone target not found
Refreshing native plugins compatible for Editor in 0.64 ms, found 0 plugins.
Preloading 0 native plugins for Editor in 0.00 ms.
Mono: successfully reloaded assembly
- Completed reload, in  1.985 seconds
Platform modules already initialized, skipping
Refreshing native plugins compatible for Editor in 0.60 ms, found 0 plugins.
Preloading 0 native plugins for Editor in 0.00 ms.
Unloading 1335 Unused Serialized files (Serialized files now loaded: 0)
System memory in use before: 74.3 MB.
System memory in use after: 74.3 MB.

Unloading 6 unused Assets to reduce memory usage. Loaded Objects now: 1898.
Total: 4.051700 ms (FindLiveObjects: 0.331900 ms CreateObjectMapping: 0.133200 ms MarkObjects: 3.443200 ms  DeleteObjects: 0.140700 ms)

========================================================================
Received Prepare
Registering precompiled user dll's ...
Registered in 0.001634 seconds.
Begin MonoManager ReloadAssembly
Native extension for WindowsStandalone target not found
Refreshing native plugins compatible for Editor in 0.57 ms, found 0 plugins.
Preloading 0 native plugins for Editor in 0.00 ms.
Mono: successfully reloaded assembly
- Completed reload, in  1.754 seconds
Platform modules already initialized, skipping
Refreshing native plugins compatible for Editor in 0.36 ms, found 0 plugins.
Preloading 0 native plugins for Editor in 0.00 ms.
Unloading 1335 Unused Serialized files (Serialized files now loaded: 0)
System memory in use before: 74.3 MB.
System memory in use after: 74.3 MB.

Unloading 6 unused Assets to reduce memory usage. Loaded Objects now: 1901.
Total: 2.901500 ms (FindLiveObjects: 0.169200 ms CreateObjectMapping: 0.040600 ms MarkObjects: 2.548300 ms  DeleteObjects: 0.141800 ms)

========================================================================
Received Prepare
Registering precompiled user dll's ...
Registered in 0.000849 seconds.
Begin MonoManager ReloadAssembly
Native extension for WindowsStandalone target not found
Refreshing native plugins compatible for Editor in 0.37 ms, found 0 plugins.
Preloading 0 native plugins for Editor in 0.00 ms.
Mono: successfully reloaded assembly
- Completed reload, in  0.870 seconds
Platform modules already initialized, skipping
Refreshing native plugins compatible for Editor in 0.34 ms, found 0 plugins.
Preloading 0 native plugins for Editor in 0.00 ms.
Unloading 1335 Unused Serialized files (Serialized files now loaded: 0)
System memory in use before: 74.3 MB.
System memory in use after: 74.3 MB.

Unloading 6 unused Assets to reduce memory usage. Loaded Objects now: 1904.
Total: 2.194100 ms (FindLiveObjects: 0.122500 ms CreateObjectMapping: 0.038400 ms MarkObjects: 1.959700 ms  DeleteObjects: 0.071500 ms)

========================================================================
Received Prepare
Refreshing native plugins compatible for Editor in 3.32 ms, found 0 plugins.
Preloading 0 native plugins for Editor in 0.00 ms.
Unloading 4 Unused Serialized files (Serialized files now loaded: 0)
System memory in use before: 47.7 MB.
System memory in use after: 47.8 MB.

Unloading 4 unused Assets to reduce memory usage. Loaded Objects now: 1904.
Total: 12.433300 ms (FindLiveObjects: 0.378000 ms CreateObjectMapping: 0.090900 ms MarkObjects: 11.824000 ms  DeleteObjects: 0.137800 ms)

========================================================================
Received Import Request.
  Time since last request: 10002.731980 seconds.
  path: Assets/Scenes/Other Scenes
  artifactKey: Guid(2ec0611fceceacd4c90c38d0ab68d3d5) Importer(815301076,1909f56bfc062723c751e8b465ee728b)
Start importing Assets/Scenes/Other Scenes using Guid(2ec0611fceceacd4c90c38d0ab68d3d5) Importer(815301076,1909f56bfc062723c751e8b465ee728b)  -> (artifact id: 'f9e766db6dbc0ca72e723fd58d284489') in 0.030539 seconds 
========================================================================
Received Import Request.
  Time since last request: 55.051342 seconds.
  path: Assets/prefabs/Other Prefabs
  artifactKey: Guid(ed8bbc40df73e904cbae66951fedd845) Importer(815301076,1909f56bfc062723c751e8b465ee728b)
Start importing Assets/prefabs/Other Prefabs using Guid(ed8bbc40df73e904cbae66951fedd845) Importer(815301076,1909f56bfc062723c751e8b465ee728b)  -> (artifact id: '08a151c4c779049756482261ebc2fa38') in 0.011025 seconds 
========================================================================
Received Import Request.
  Time since last request: 3.601109 seconds.
  path: Assets/prefabs/BrickBreakerBackground - Copy.png
  artifactKey: Guid(42a164544b06e8d4c8206dd6baee5bdb) Importer(815301076,1909f56bfc062723c751e8b465ee728b)
Start importing Assets/prefabs/BrickBreakerBackground - Copy.png using Guid(42a164544b06e8d4c8206dd6baee5bdb) Importer(815301076,1909f56bfc062723c751e8b465ee728b)  -> (artifact id: '37e0adb04e91e1255e72c3d1283f8e1b') in 1.206928 seconds 
========================================================================
Received Import Request.
  Time since last request: 62.571975 seconds.
  path: Assets/material/Other Materials
  artifactKey: Guid(cffea38bae3162d4bb431127af9ee0dc) Importer(815301076,1909f56bfc062723c751e8b465ee728b)
Start importing Assets/material/Other Materials using Guid(cffea38bae3162d4bb431127af9ee0dc) Importer(815301076,1909f56bfc062723c751e8b465ee728b)  -> (artifact id: 'ef85f02593a384b8e29e44fc0f2b8a10') in 0.008144 seconds 
========================================================================
Received Import Request.
  Time since last request: 34.509572 seconds.
  path: Assets/Assets Packs
  artifactKey: Guid(90f64d489e5e0414197927c54cc7f378) Importer(815301076,1909f56bfc062723c751e8b465ee728b)
Start importing Assets/Assets Packs using Guid(90f64d489e5e0414197927c54cc7f378) Importer(815301076,1909f56bfc062723c751e8b465ee728b)  -> (artifact id: 'b364e2d38343b5ca26995010718c8ff6') in 0.008677 seconds 
========================================================================
Received Prepare
Registering precompiled user dll's ...
Registered in 0.001240 seconds.
Begin MonoManager ReloadAssembly
Native extension for WindowsStandalone target not found
Refreshing native plugins compatible for Editor in 0.34 ms, found 0 plugins.
Preloading 0 native plugins for Editor in 0.00 ms.
Mono: successfully reloaded assembly
- Completed reload, in  1.164 seconds
Platform modules already initialized, skipping
Refreshing native plugins compatible for Editor in 0.33 ms, found 0 plugins.
Preloading 0 native plugins for Editor in 0.00 ms.
Unloading 1336 Unused Serialized files (Serialized files now loaded: 0)
System memory in use before: 78.2 MB.
System memory in use after: 78.3 MB.

Unloading 6 unused Assets to reduce memory usage. Loaded Objects now: 1923.
Total: 3.448700 ms (FindLiveObjects: 0.129400 ms CreateObjectMapping: 0.030000 ms MarkObjects: 3.179800 ms  DeleteObjects: 0.107700 ms)

========================================================================
Received Prepare
Registering precompiled user dll's ...
Registered in 0.001069 seconds.
Begin MonoManager ReloadAssembly
Native extension for WindowsStandalone target not found
Refreshing native plugins compatible for Editor in 0.32 ms, found 0 plugins.
Preloading 0 native plugins for Editor in 0.00 ms.
Mono: successfully reloaded assembly
- Completed reload, in  0.868 seconds
Platform modules already initialized, skipping
Refreshing native plugins compatible for Editor in 0.37 ms, found 0 plugins.
Preloading 0 native plugins for Editor in 0.00 ms.
Unloading 1335 Unused Serialized files (Serialized files now loaded: 0)
System memory in use before: 78.1 MB.
System memory in use after: 78.2 MB.

Unloading 6 unused Assets to reduce memory usage. Loaded Objects now: 1926.
Total: 2.054100 ms (FindLiveObjects: 0.167400 ms CreateObjectMapping: 0.044100 ms MarkObjects: 1.763400 ms  DeleteObjects: 0.078300 ms)

========================================================================
Received Import Request.
  Time since last request: 91.371741 seconds.
  path: Assets/Assets Packs/UI Elements
  artifactKey: Guid(062189629df0cf84aaed69621ab73111) Importer(815301076,1909f56bfc062723c751e8b465ee728b)
Start importing Assets/Assets Packs/UI Elements using Guid(062189629df0cf84aaed69621ab73111) Importer(815301076,1909f56bfc062723c751e8b465ee728b)  -> (artifact id: '54e1b62b55e157e7b2f301813821f5e1') in 0.010778 seconds 
========================================================================
Received Import Request.
  Time since last request: 4.300935 seconds.
  path: Assets/Assets Packs/breakoutpalette.png
  artifactKey: Guid(c5bbc97d6384c7d499c58f1ecc407070) Importer(815301076,1909f56bfc062723c751e8b465ee728b)
Start importing Assets/Assets Packs/breakoutpalette.png using Guid(c5bbc97d6384c7d499c58f1ecc407070) Importer(815301076,1909f56bfc062723c751e8b465ee728b)  -> (artifact id: '9e2fe95d3bd6ce8df59dd6890f809e5d') in 1.065711 seconds 
========================================================================
Received Import Request.
  Time since last request: 11.687611 seconds.
  path: Assets/Assets Packs/Fantasy Skybox FREE
  artifactKey: Guid(fc7c0b43e2b6eda4aa5f057d8557c82f) Importer(815301076,1909f56bfc062723c751e8b465ee728b)
Start importing Assets/Assets Packs/Fantasy Skybox FREE using Guid(fc7c0b43e2b6eda4aa5f057d8557c82f) Importer(815301076,1909f56bfc062723c751e8b465ee728b)  -> (artifact id: '8378de390ef1d1fe5a9c27ba996e9b45') in 0.010816 seconds 
========================================================================
Received Import Request.
  Time since last request: 6.573667 seconds.
  path: Assets/Assets Packs/TextMesh Pro
  artifactKey: Guid(f54d1bd14bd3ca042bd867b519fee8cc) Importer(815301076,1909f56bfc062723c751e8b465ee728b)
Start importing Assets/Assets Packs/TextMesh Pro using Guid(f54d1bd14bd3ca042bd867b519fee8cc) Importer(815301076,1909f56bfc062723c751e8b465ee728b)  -> (artifact id: '16b4cbde9565bf190136f1148817e1ea') in 0.009548 seconds 
========================================================================
Received Prepare
Registering precompiled user dll's ...
Registered in 0.000936 seconds.
Begin MonoManager ReloadAssembly
Native extension for WindowsStandalone target not found
Refreshing native plugins compatible for Editor in 0.34 ms, found 0 plugins.
Preloading 0 native plugins for Editor in 0.00 ms.
Mono: successfully reloaded assembly
- Completed reload, in  0.737 seconds
Platform modules already initialized, skipping
Refreshing native plugins compatible for Editor in 0.34 ms, found 0 plugins.
Preloading 0 native plugins for Editor in 0.00 ms.
Unloading 1336 Unused Serialized files (Serialized files now loaded: 0)
System memory in use before: 78.6 MB.
System memory in use after: 78.7 MB.

Unloading 6 unused Assets to reduce memory usage. Loaded Objects now: 1947.
Total: 2.852800 ms (FindLiveObjects: 0.115100 ms CreateObjectMapping: 0.033900 ms MarkObjects: 2.586500 ms  DeleteObjects: 0.116300 ms)

========================================================================
Received Import Request.
  Time since last request: 34.642688 seconds.
  path: Assets/Assets Packs/Icons UI
  artifactKey: Guid(a11473c5884c3a543a074d5c869ed1bc) Importer(815301076,1909f56bfc062723c751e8b465ee728b)
Start importing Assets/Assets Packs/Icons UI using Guid(a11473c5884c3a543a074d5c869ed1bc) Importer(815301076,1909f56bfc062723c751e8b465ee728b)  -> (artifact id: 'bd21a782fc118ee5f1dc495173cd7c84') in 0.013413 seconds 
========================================================================
Received Import Request.
  Time since last request: 17.506674 seconds.
  path: Assets/Brick Breaker Scripts/Other Scripts
  artifactKey: Guid(4db8d6774d5d60a429fcb06a83278bb0) Importer(815301076,1909f56bfc062723c751e8b465ee728b)
Start importing Assets/Brick Breaker Scripts/Other Scripts using Guid(4db8d6774d5d60a429fcb06a83278bb0) Importer(815301076,1909f56bfc062723c751e8b465ee728b)  -> (artifact id: '34fcf11c8209772d5eafd5cbdf57b76e') in 0.010366 seconds 
========================================================================
Received Import Request.
  Time since last request: 1.981038 seconds.
  path: Assets/Brick Breaker Scripts/CollisionDetect.cs
  artifactKey: Guid(67386da1e3f926c428fc87ddb093a87b) Importer(815301076,1909f56bfc062723c751e8b465ee728b)
Start importing Assets/Brick Breaker Scripts/CollisionDetect.cs using Guid(67386da1e3f926c428fc87ddb093a87b) Importer(815301076,1909f56bfc062723c751e8b465ee728b)  -> (artifact id: '945a0c3f882be7424a0e8cdb46d30eaf') in 0.176106 seconds 
========================================================================
Received Import Request.
  Time since last request: 1.819763 seconds.
  path: Assets/Brick Breaker Scripts/myPlayer.cs
  artifactKey: Guid(9a28d9c087b6e5142b9c49b3a8a7df41) Importer(815301076,1909f56bfc062723c751e8b465ee728b)
Start importing Assets/Brick Breaker Scripts/myPlayer.cs using Guid(9a28d9c087b6e5142b9c49b3a8a7df41) Importer(815301076,1909f56bfc062723c751e8b465ee728b)  -> (artifact id: 'bed8ea4e09a9cc2c4da9b34a80f67543') in 0.008809 seconds 
========================================================================
Received Prepare
Registering precompiled user dll's ...
Registered in 0.000704 seconds.
Begin MonoManager ReloadAssembly
Native extension for WindowsStandalone target not found
Refreshing native plugins compatible for Editor in 0.57 ms, found 0 plugins.
Preloading 0 native plugins for Editor in 0.00 ms.
Mono: successfully reloaded assembly
- Completed reload, in  0.735 seconds
Platform modules already initialized, skipping
Refreshing native plugins compatible for Editor in 0.29 ms, found 0 plugins.
Preloading 0 native plugins for Editor in 0.00 ms.
Unloading 1335 Unused Serialized files (Serialized files now loaded: 0)
System memory in use before: 78.6 MB.
System memory in use after: 78.7 MB.

Unloading 6 unused Assets to reduce memory usage. Loaded Objects now: 1950.
Total: 1.911800 ms (FindLiveObjects: 0.196100 ms CreateObjectMapping: 0.029500 ms MarkObjects: 1.611000 ms  DeleteObjects: 0.049500 ms)

========================================================================
Received Import Request.
  Time since last request: 496.620575 seconds.
  path: Assets/Brick Breaker Scripts/Other Scripts/Other Scripts 1
  artifactKey: Guid(db52754dfb681f84784df918189292ca) Importer(815301076,1909f56bfc062723c751e8b465ee728b)
Start importing Assets/Brick Breaker Scripts/Other Scripts/Other Scripts 1 using Guid(db52754dfb681f84784df918189292ca) Importer(815301076,1909f56bfc062723c751e8b465ee728b)  -> (artifact id: 'bae57d15966ee3510250912d76ccfe4c') in 0.013010 seconds 
========================================================================
Received Prepare
Registering precompiled user dll's ...
Registered in 0.001029 seconds.
Begin MonoManager ReloadAssembly
Native extension for WindowsStandalone target not found
Refreshing native plugins compatible for Editor in 0.40 ms, found 0 plugins.
Preloading 0 native plugins for Editor in 0.00 ms.
Mono: successfully reloaded assembly
- Completed reload, in  0.712 seconds
Platform modules already initialized, skipping
Refreshing native plugins compatible for Editor in 0.35 ms, found 0 plugins.
Preloading 0 native plugins for Editor in 0.00 ms.
Unloading 1335 Unused Serialized files (Serialized files now loaded: 0)
System memory in use before: 78.6 MB.
System memory in use after: 78.7 MB.

Unloading 6 unused Assets to reduce memory usage. Loaded Objects now: 1953.
Total: 1.960700 ms (FindLiveObjects: 0.167200 ms CreateObjectMapping: 0.026800 ms MarkObjects: 1.715900 ms  DeleteObjects: 0.049900 ms)

========================================================================
Received Prepare
Registering precompiled user dll's ...
Registered in 0.001016 seconds.
Begin MonoManager ReloadAssembly
Native extension for WindowsStandalone target not found
Refreshing native plugins compatible for Editor in 0.44 ms, found 0 plugins.
Preloading 0 native plugins for Editor in 0.00 ms.
Mono: successfully reloaded assembly
- Completed reload, in  0.683 seconds
Platform modules already initialized, skipping
Refreshing native plugins compatible for Editor in 0.28 ms, found 0 plugins.
Preloading 0 native plugins for Editor in 0.00 ms.
Unloading 1335 Unused Serialized files (Serialized files now loaded: 0)
System memory in use before: 78.6 MB.
System memory in use after: 78.7 MB.

Unloading 6 unused Assets to reduce memory usage. Loaded Objects now: 1956.
Total: 2.287700 ms (FindLiveObjects: 0.133000 ms CreateObjectMapping: 0.043800 ms MarkObjects: 2.027800 ms  DeleteObjects: 0.082000 ms)

========================================================================
Received Prepare
Registering precompiled user dll's ...
Registered in 0.000754 seconds.
Begin MonoManager ReloadAssembly
Native extension for WindowsStandalone target not found
Refreshing native plugins compatible for Editor in 0.31 ms, found 0 plugins.
Preloading 0 native plugins for Editor in 0.00 ms.
Mono: successfully reloaded assembly
- Completed reload, in  0.676 seconds
Platform modules already initialized, skipping
Refreshing native plugins compatible for Editor in 0.41 ms, found 0 plugins.
Preloading 0 native plugins for Editor in 0.00 ms.
Unloading 1335 Unused Serialized files (Serialized files now loaded: 0)
System memory in use before: 78.6 MB.
System memory in use after: 78.7 MB.

Unloading 6 unused Assets to reduce memory usage. Loaded Objects now: 1959.
Total: 1.954900 ms (FindLiveObjects: 0.136800 ms CreateObjectMapping: 0.041500 ms MarkObjects: 1.698900 ms  DeleteObjects: 0.065400 ms)

========================================================================
Received Import Request.
  Time since last request: 84.851687 seconds.
  path: Assets/GameIcon.png
  artifactKey: Guid(a5c9a33fdcdeef84193307ba4c09c84c) Importer(815301076,1909f56bfc062723c751e8b465ee728b)
Start importing Assets/GameIcon.png using Guid(a5c9a33fdcdeef84193307ba4c09c84c) Importer(815301076,1909f56bfc062723c751e8b465ee728b)  -> (artifact id: '02b04bde653414edf106cff8dc7e81e8') in 1.077532 seconds 
========================================================================
Received Import Request.
  Time since last request: 6.300080 seconds.
  path: Assets/Sprites
  artifactKey: Guid(4de1808ff0b70b642957b26b484f5296) Importer(815301076,1909f56bfc062723c751e8b465ee728b)
Start importing Assets/Sprites using Guid(4de1808ff0b70b642957b26b484f5296) Importer(815301076,1909f56bfc062723c751e8b465ee728b)  -> (artifact id: 'a1038144d58a3953486f38cdfc57ee0f') in 0.008732 seconds 
========================================================================
Received Import Request.
  Time since last request: 12.050242 seconds.
  path: Assets/Brick Breaker Scripts/BrickBreaker/GameHandlerScript.cs
  artifactKey: Guid(3b1d85fb180d72047b19c1b2e87d6293) Importer(815301076,1909f56bfc062723c751e8b465ee728b)
Start importing Assets/Brick Breaker Scripts/BrickBreaker/GameHandlerScript.cs using Guid(3b1d85fb180d72047b19c1b2e87d6293) Importer(815301076,1909f56bfc062723c751e8b465ee728b)  -> (artifact id: '00cebdabe0b0d66eef902f74bab8f2c9') in 0.005615 seconds 
========================================================================
Received Prepare
Registering precompiled user dll's ...
Registered in 0.000802 seconds.
Begin MonoManager ReloadAssembly
Native extension for WindowsStandalone target not found
Refreshing native plugins compatible for Editor in 0.31 ms, found 0 plugins.
Preloading 0 native plugins for Editor in 0.00 ms.
Mono: successfully reloaded assembly
- Completed reload, in  0.679 seconds
Platform modules already initialized, skipping
Refreshing native plugins compatible for Editor in 0.37 ms, found 0 plugins.
Preloading 0 native plugins for Editor in 0.00 ms.
Unloading 1336 Unused Serialized files (Serialized files now loaded: 0)
System memory in use before: 79.2 MB.
System memory in use after: 79.3 MB.

Unloading 6 unused Assets to reduce memory usage. Loaded Objects now: 1978.
Total: 1.931600 ms (FindLiveObjects: 0.230900 ms CreateObjectMapping: 0.096300 ms MarkObjects: 1.540800 ms  DeleteObjects: 0.062700 ms)

========================================================================
Received Import Request.
  Time since last request: 61.224650 seconds.
  path: Assets/Brick Breaker Scripts/New Lighting Settings1.lighting
  artifactKey: Guid(24e9d86a2123406419072f74a4ae889f) Importer(815301076,1909f56bfc062723c751e8b465ee728b)
Start importing Assets/Brick Breaker Scripts/New Lighting Settings1.lighting using Guid(24e9d86a2123406419072f74a4ae889f) Importer(815301076,1909f56bfc062723c751e8b465ee728b)  -> (artifact id: 'cbd083caf6b5112795b8a1c6553e4b70') in 0.036692 seconds 
========================================================================
Received Import Request.
  Time since last request: 27.641112 seconds.
  path: Assets/Scenes/BrickBreakerLevels/BrickBreaker 1.png
  artifactKey: Guid(fc66cc131f208524280251c6403f5447) Importer(815301076,1909f56bfc062723c751e8b465ee728b)
Start importing Assets/Scenes/BrickBreakerLevels/BrickBreaker 1.png using Guid(fc66cc131f208524280251c6403f5447) Importer(815301076,1909f56bfc062723c751e8b465ee728b)  -> (artifact id: 'cd1209c6a22d31e5deeda40bcb3e3cad') in 1.069830 seconds 
========================================================================
Received Import Request.
  Time since last request: 33.424889 seconds.
  path: Assets/Assets Packs/TextMesh Pro/Shaders
  artifactKey: Guid(e9f693669af91aa45ad615fc681ed29f) Importer(815301076,1909f56bfc062723c751e8b465ee728b)
Start importing Assets/Assets Packs/TextMesh Pro/Shaders using Guid(e9f693669af91aa45ad615fc681ed29f) Importer(815301076,1909f56bfc062723c751e8b465ee728b)  -> (artifact id: '486066d15e4e2d1f404625b357b63227') in 0.011100 seconds 
========================================================================
Received Import Request.
  Time since last request: 30.591839 seconds.
  path: Assets/Scenes/BrickBreakerLevels/Level1.unity
  artifactKey: Guid(06975f7b8d7ac884289d0fc36bcf4fa6) Importer(815301076,1909f56bfc062723c751e8b465ee728b)
Start importing Assets/Scenes/BrickBreakerLevels/Level1.unity using Guid(06975f7b8d7ac884289d0fc36bcf4fa6) Importer(815301076,1909f56bfc062723c751e8b465ee728b)  -> (artifact id: 'e62cc7f2ed6a3d280333e5452074053f') in 0.011114 seconds 
