Using pre-set license
Built from '2021.1/staging' branch; Version is '2021.1.6f1 (c0fade0cc7e9) revision 12647134'; Using compiler version '192528614'; Build Type 'Release'
OS: 'Windows 10 Home Single Language; OS build 22000.675; Version 2009; 64bit' Language: 'en' Physical Memory: 7886 MB
BatchMode: 1, IsHumanControllingUs: 0, StartBugReporterOnCrash: 0, Is64bit: 1, IsPro: 0

 COMMAND LINE ARGUMENTS:
C:\Program Files\Unity 2021.1.6f1\Editor\Unity.exe
-adb2
-batchMode
-noUpm
-name
AssetImportWorker0
-projectPath
D:/Projects Drive Data/UNITY PROJECTS/BrickBreaker
-logFile
Logs/AssetImportWorker0.log
-srvPort
56723
Successfully changed project path to: D:/Projects Drive Data/UNITY PROJECTS/BrickBreaker
D:/Projects Drive Data/UNITY PROJECTS/BrickBreaker
Using Asset Import Pipeline V2.
Refreshing native plugins compatible for Editor in 208.46 ms, found 0 plugins.
Preloading 0 native plugins for Editor in 0.00 ms.
Initialize engine version: 2021.1.6f1 (c0fade0cc7e9)
[Subsystems] Discovering subsystems at path C:/Program Files/Unity 2021.1.6f1/Editor/Data/Resources/UnitySubsystems
[Subsystems] Discovering subsystems at path D:/Projects Drive Data/UNITY PROJECTS/BrickBreaker/Assets
GfxDevice: creating device client; threaded=0; jobified=0
Direct3D:
    Version:  Direct3D 11.0 [level 11.1]
    Renderer: Intel(R) Iris(R) Xe Graphics (ID=0x9a49)
    Vendor:   Intel
    VRAM:     3943 MB
    Driver:   27.20.100.9268
Invalid texture used for cursor - check importer settings or texture creation. Texture must be RGBA32, readable, have alphaIsTransparency enabled and have no mip chain.

Initialize mono
Mono path[0] = 'C:/Program Files/Unity 2021.1.6f1/Editor/Data/Managed'
Mono path[1] = 'C:/Program Files/Unity 2021.1.6f1/Editor/Data/MonoBleedingEdge/lib/mono/unityjit'
Mono config path = 'C:/Program Files/Unity 2021.1.6f1/Editor/Data/MonoBleedingEdge/etc'
Using monoOptions --debugger-agent=transport=dt_socket,embedding=1,server=y,suspend=n,address=127.0.0.1:56120
Begin MonoManager ReloadAssembly
Registering precompiled unity dll's ...
Register platform support module: C:/Program Files/Unity 2021.1.6f1/Editor/Data/PlaybackEngines/WindowsStandaloneSupport/UnityEditor.WindowsStandalone.Extensions.dll
Registered in 0.003717 seconds.
Native extension for WindowsStandalone target not found
Refreshing native plugins compatible for Editor in 37.73 ms, found 0 plugins.
Preloading 0 native plugins for Editor in 0.00 ms.
Mono: successfully reloaded assembly
- Completed reload, in  2.237 seconds
Platform modules already initialized, skipping
Registering precompiled user dll's ...
Registered in 0.002955 seconds.
Begin MonoManager ReloadAssembly
Native extension for WindowsStandalone target not found
Refreshing native plugins compatible for Editor in 0.34 ms, found 0 plugins.
Preloading 0 native plugins for Editor in 0.00 ms.
Mono: successfully reloaded assembly
- Completed reload, in  0.694 seconds
Platform modules already initialized, skipping
========================================================================
Worker process is ready to serve import requests
Launched and connected shader compiler UnityShaderCompiler.exe after 0.04 seconds
Refreshing native plugins compatible for Editor in 0.30 ms, found 0 plugins.
Preloading 0 native plugins for Editor in 0.00 ms.
Unloading 1357 Unused Serialized files (Serialized files now loaded: 0)
System memory in use before: 70.1 MB.
System memory in use after: 70.2 MB.

Unloading 11 unused Assets to reduce memory usage. Loaded Objects now: 1822.
Total: 5.600800 ms (FindLiveObjects: 0.106300 ms CreateObjectMapping: 0.026200 ms MarkObjects: 5.185300 ms  DeleteObjects: 0.281400 ms)

========================================================================
Received Import Request.
  path: Assets/Assets 1/Scripts
  artifactKey: Guid(ae77b6966ce19bf448806597c70d0f7c) Importer(815301076,1909f56bfc062723c751e8b465ee728b)
Start importing Assets/Assets 1/Scripts using Guid(ae77b6966ce19bf448806597c70d0f7c) Importer(815301076,1909f56bfc062723c751e8b465ee728b)  -> (artifact id: '88afdaef2df08e226cdf0e8e1c21f31c') in 0.008858 seconds 
========================================================================
Received Import Request.
  Time since last request: 1062.719660 seconds.
  path: Assets/GameIcon.png
  artifactKey: Guid(a5c9a33fdcdeef84193307ba4c09c84c) Importer(815301076,1909f56bfc062723c751e8b465ee728b)
Start importing Assets/GameIcon.png using Guid(a5c9a33fdcdeef84193307ba4c09c84c) Importer(815301076,1909f56bfc062723c751e8b465ee728b)  -> (artifact id: '793cb7a19510a081966080ed95ffd975') in 0.350010 seconds 
========================================================================
Received Import Request.
  Time since last request: 3.631782 seconds.
  path: Assets/GameIcon.png
  artifactKey: Guid(a5c9a33fdcdeef84193307ba4c09c84c) Importer(815301076,1909f56bfc062723c751e8b465ee728b)
Start importing Assets/GameIcon.png using Guid(a5c9a33fdcdeef84193307ba4c09c84c) Importer(815301076,1909f56bfc062723c751e8b465ee728b)  -> (artifact id: 'a71a3ab45802ff64651b5e73e28ccb8a') in 0.085997 seconds 
========================================================================
Received Import Request.
  Time since last request: 32.702660 seconds.
  path: Assets/TextMesh Pro/Examples & Extras/Resources/Fonts & Materials/Roboto-Bold SDF.asset
  artifactKey: Guid(5302535af1044152a457ed104f1f4b91) Importer(815301076,1909f56bfc062723c751e8b465ee728b)
Start importing Assets/TextMesh Pro/Examples & Extras/Resources/Fonts & Materials/Roboto-Bold SDF.asset using Guid(5302535af1044152a457ed104f1f4b91) Importer(815301076,1909f56bfc062723c751e8b465ee728b)  -> (artifact id: 'b2aa10013735772bf3657af1d4e99e1a') in 0.354204 seconds 
========================================================================
Received Import Request.
  Time since last request: 1.214543 seconds.
  path: Assets/TextMesh Pro/Resources/Fonts & Materials/LiberationSans SDF - Fallback.asset
  artifactKey: Guid(2e498d1c8094910479dc3e1b768306a4) Importer(815301076,1909f56bfc062723c751e8b465ee728b)
Start importing Assets/TextMesh Pro/Resources/Fonts & Materials/LiberationSans SDF - Fallback.asset using Guid(2e498d1c8094910479dc3e1b768306a4) Importer(815301076,1909f56bfc062723c751e8b465ee728b)  -> (artifact id: '4d4d893e72cc0d6938b4749000d1c857') in 0.029884 seconds 
========================================================================
Received Import Request.
  Time since last request: 3.768902 seconds.
  path: Assets/TextMesh Pro/Examples & Extras/Resources/Fonts & Materials/Bangers SDF.asset
  artifactKey: Guid(125cb55b44b24c4393181402bc6200e6) Importer(815301076,1909f56bfc062723c751e8b465ee728b)
Start importing Assets/TextMesh Pro/Examples & Extras/Resources/Fonts & Materials/Bangers SDF.asset using Guid(125cb55b44b24c4393181402bc6200e6) Importer(815301076,1909f56bfc062723c751e8b465ee728b)  -> (artifact id: '7cc2cee5d251e3ded08a4dca6d7fb5ed') in 0.042929 seconds 
AssetImportWorkerClient::OnTransportError - code=2 error=End of file
